#
# There is insufficient memory for the Java Runtime Environment to continue.
# Native memory allocation (mmap) failed to map 134217728 bytes for Failed to commit area from 0x0000000081a00000 to 0x0000000089a00000 of length 134217728.
# Possible reasons:
#   The system is out of physical RAM or swap space
#   The process is running with CompressedOops enabled, and the Java Heap may be blocking the growth of the native heap
# Possible solutions:
#   Reduce memory load on the system
#   Increase physical memory or swap space
#   Check if swap backing store is full
#   Decrease Java heap size (-Xmx/-Xms)
#   Decrease number of Java threads
#   Decrease Java thread stack sizes (-Xss)
#   Set larger code cache with -XX:ReservedCodeCacheSize=
# This output file may be truncated or incomplete.
#
#  Out of Memory Error (./open/src/hotspot/os/windows/os_windows.cpp:3283), pid=12832, tid=20992
#
# JRE version:  (11.0.17+10) (build )
# Java VM: Java HotSpot(TM) 64-Bit Server VM (11.0.17+10-LTS-269, mixed mode, sharing, tiered, compressed oops, g1 gc, windows-amd64)
# No core dump will be written. Minidumps are not enabled by default on client versions of Windows
#

---------------  S U M M A R Y ------------

Command Line: -Dfile.encoding=UTF-8 com.lcwd.hotel.HotelServiceApplication

Host: Intel(R) Core(TM) i5-8250U CPU @ 1.60GHz, 8 cores, 7G,  Windows 11 , 64 bit Build 22621 (10.0.22621.1485)
Time: Mon May  8 18:05:16 2023 India Standard Time elapsed time: 0.019898 seconds (0d 0h 0m 0s)

---------------  T H R E A D  ---------------

Current thread (0x00000198ec931000):  JavaThread "Unknown thread" [_thread_in_vm, id=20992, stack(0x000000148a900000,0x000000148aa00000)]

Stack: [0x000000148a900000,0x000000148aa00000]
Native frames: (J=compiled Java code, j=interpreted, Vv=VM code, C=native code)
V  [jvm.dll+0x62b5da]
V  [jvm.dll+0x7653df]
V  [jvm.dll+0x766a89]
V  [jvm.dll+0x767113]
V  [jvm.dll+0x23dd28]
V  [jvm.dll+0x62896a]
V  [jvm.dll+0x61d625]
V  [jvm.dll+0x2f2d3c]
V  [jvm.dll+0x2f2bc2]
V  [jvm.dll+0x2f78e6]
V  [jvm.dll+0x33a2df]
V  [jvm.dll+0x339d10]
V  [jvm.dll+0x2d0368]
V  [jvm.dll+0x2d14d6]
V  [jvm.dll+0x73f9a7]
V  [jvm.dll+0x74123f]
V  [jvm.dll+0x347039]
V  [jvm.dll+0x725280]
V  [jvm.dll+0x3b5c1f]
V  [jvm.dll+0x3b7d31]
C  [jli.dll+0x5207]
C  [ucrtbase.dll+0x29363]
C  [KERNEL32.DLL+0x1269d]
C  [ntdll.dll+0x5a9f8]


---------------  P R O C E S S  ---------------

Threads class SMR info:
_java_thread_list=0x00000198ea60ef00, length=0, elements={
}

Java Threads: ( => current thread )

Other Threads:
  0x00000198ec947800 GCTaskThread "GC Thread#0" [stack: 0x000000148aa00000,0x000000148ab00000] [id=3208]
  0x00000198ec978000 ConcurrentGCThread "G1 Main Marker" [stack: 0x000000148ab00000,0x000000148ac00000] [id=14848]
  0x00000198ec97c800 ConcurrentGCThread "G1 Conc#0" [stack: 0x000000148ac00000,0x000000148ad00000] [id=22116]

[error occurred during error reporting (printing all threads), id 0xc0000005, EXCEPTION_ACCESS_VIOLATION (0xc0000005) at pc=0x00007ff83d77f5f7]

VM state:not at safepoint (not fully initialized)

VM Mutex/Monitor currently owned by a thread:  ([mutex/lock_event])
[0x00000198ec92d7c0] Heap_lock - owner thread: 0x00000198ec931000

Heap address: 0x0000000081a00000, size: 2022 MB, Compressed Oops mode: Non-zero based: 0x0000000081a00000
Narrow klass base: 0x0000000000000000, Narrow klass shift: 0

GC Heap History (0 events):
No events

Deoptimization events (0 events):
No events

Classes redefined (0 events):
No events

Internal exceptions (0 events):
No events

Events (0 events):
No events


Dynamic libraries:
0x00007ff678b50000 - 0x00007ff678b5f000 	C:\Program Files\Java\jdk-11.0.17\bin\javaw.exe
0x00007ff8c1570000 - 0x00007ff8c1784000 	C:\WINDOWS\SYSTEM32\ntdll.dll
0x00007ff8c0ab0000 - 0x00007ff8c0b72000 	C:\WINDOWS\System32\KERNEL32.DLL
0x00007ff8bebb0000 - 0x00007ff8bef4c000 	C:\WINDOWS\System32\KERNELBASE.dll
0x00007ff8befd0000 - 0x00007ff8bf0e1000 	C:\WINDOWS\System32\ucrtbase.dll
0x00007ff8b5c00000 - 0x00007ff8b5c15000 	C:\Program Files\Java\jdk-11.0.17\bin\VCRUNTIME140.dll
0x00007ff8b9e10000 - 0x00007ff8b9e28000 	C:\Program Files\Java\jdk-11.0.17\bin\jli.dll
0x00007ff8c0ec0000 - 0x00007ff8c0f6e000 	C:\WINDOWS\System32\ADVAPI32.dll
0x00007ff8c11a0000 - 0x00007ff8c1247000 	C:\WINDOWS\System32\msvcrt.dll
0x00007ff8c12b0000 - 0x00007ff8c1354000 	C:\WINDOWS\System32\sechost.dll
0x00007ff8c06e0000 - 0x00007ff8c07f7000 	C:\WINDOWS\System32\RPCRT4.dll
0x00007ff8c0800000 - 0x00007ff8c09ab000 	C:\WINDOWS\System32\USER32.dll
0x00007ff8a3d30000 - 0x00007ff8a3fbe000 	C:\WINDOWS\WinSxS\amd64_microsoft.windows.common-controls_6595b64144ccf1df_6.0.22621.608_none_a9444ca7c10bb01d\COMCTL32.dll
0x00007ff8beb80000 - 0x00007ff8beba6000 	C:\WINDOWS\System32\win32u.dll
0x00007ff8c0e20000 - 0x00007ff8c0e49000 	C:\WINDOWS\System32\GDI32.dll
0x00007ff8bf260000 - 0x00007ff8bf373000 	C:\WINDOWS\System32\gdi32full.dll
0x00007ff8be9b0000 - 0x00007ff8bea4a000 	C:\WINDOWS\System32\msvcp_win.dll
0x00007ff8b4c80000 - 0x00007ff8b4c8a000 	C:\WINDOWS\SYSTEM32\VERSION.dll
0x00007ff8c05c0000 - 0x00007ff8c05f1000 	C:\WINDOWS\System32\IMM32.DLL
0x00007ff88e170000 - 0x00007ff88e20b000 	C:\Program Files\Java\jdk-11.0.17\bin\msvcp140.dll
0x00007ff83d4a0000 - 0x00007ff83dfba000 	C:\Program Files\Java\jdk-11.0.17\bin\server\jvm.dll
0x00007ff8c0e50000 - 0x00007ff8c0e58000 	C:\WINDOWS\System32\PSAPI.DLL
0x00007ff8b47c0000 - 0x00007ff8b47f4000 	C:\WINDOWS\SYSTEM32\WINMM.dll
0x00007ff89ae10000 - 0x00007ff89ae19000 	C:\WINDOWS\SYSTEM32\WSOCK32.dll
0x00007ff8bfc60000 - 0x00007ff8bfcd1000 	C:\WINDOWS\System32\WS2_32.dll
0x00007ff8bda00000 - 0x00007ff8bda18000 	C:\WINDOWS\SYSTEM32\kernel.appcore.dll
0x00007ff8b69b0000 - 0x00007ff8b69c0000 	C:\Program Files\Java\jdk-11.0.17\bin\verify.dll
0x00007ff8b6630000 - 0x00007ff8b685e000 	C:\WINDOWS\SYSTEM32\DBGHELP.DLL
0x00007ff8c0210000 - 0x00007ff8c0599000 	C:\WINDOWS\System32\combase.dll
0x00007ff8c0600000 - 0x00007ff8c06d7000 	C:\WINDOWS\System32\OLEAUT32.dll
0x00007ff8a8140000 - 0x00007ff8a8172000 	C:\WINDOWS\SYSTEM32\dbgcore.DLL
0x00007ff8bef50000 - 0x00007ff8befcb000 	C:\WINDOWS\System32\bcryptPrimitives.dll
0x00007ff8ab5f0000 - 0x00007ff8ab618000 	C:\Program Files\Java\jdk-11.0.17\bin\java.dll
0x00007ff8b5e00000 - 0x00007ff8b5e0a000 	C:\Program Files\Java\jdk-11.0.17\bin\jimage.dll
0x00007ff8ab850000 - 0x00007ff8ab866000 	C:\Program Files\Java\jdk-11.0.17\bin\zip.dll

dbghelp: loaded successfully - version: 4.0.5 - missing functions: none
symbol engine: initialized successfully - sym options: 0x614 - pdb path: .;C:\Program Files\Java\jdk-11.0.17\bin;C:\WINDOWS\SYSTEM32;C:\WINDOWS\WinSxS\amd64_microsoft.windows.common-controls_6595b64144ccf1df_6.0.22621.608_none_a9444ca7c10bb01d;C:\Program Files\Java\jdk-11.0.17\bin\server

VM Arguments:
jvm_args: -Dfile.encoding=UTF-8 
java_command: com.lcwd.hotel.HotelServiceApplication
java_class_path (initial): C:\Users\Nyamat\OneDrive\Desktop\Microservices\Hotel-Service\target\classes;C:\Users\Nyamat\.m2\repository\org\springframework\boot\spring-boot-devtools\2.7.11\spring-boot-devtools-2.7.11.jar;C:\Users\Nyamat\.m2\repository\org\springframework\boot\spring-boot\2.7.11\spring-boot-2.7.11.jar;C:\Users\Nyamat\.m2\repository\org\springframework\spring-context\5.3.27\spring-context-5.3.27.jar;C:\Users\Nyamat\.m2\repository\org\springframework\boot\spring-boot-autoconfigure\2.7.11\spring-boot-autoconfigure-2.7.11.jar;C:\Users\Nyamat\.m2\repository\io\springfox\springfox-swagger2\2.9.2\springfox-swagger2-2.9.2.jar;C:\Users\Nyamat\.m2\repository\io\swagger\swagger-annotations\1.5.20\swagger-annotations-1.5.20.jar;C:\Users\Nyamat\.m2\repository\io\swagger\swagger-models\1.5.20\swagger-models-1.5.20.jar;C:\Users\Nyamat\.m2\repository\com\fasterxml\jackson\core\jackson-annotations\2.13.5\jackson-annotations-2.13.5.jar;C:\Users\Nyamat\.m2\repository\io\springfox\springfox-spi\2.9.2\springfox-spi-2.9.2.jar;C:\Users\Nyamat\.m2\repository\io\springfox\springfox-core\2.9.2\springfox-core-2.9.2.jar;C:\Users\Nyamat\.m2\repository\io\springfox\springfox-schema\2.9.2\springfox-schema-2.9.2.jar;C:\Users\Nyamat\.m2\repository\io\springfox\springfox-swagger-common\2.9.2\springfox-swagger-common-2.9.2.jar;C:\Users\Nyamat\.m2\repository\io\springfox\springfox-spring-web\2.9.2\springfox-spring-web-2.9.2.jar;C:\Users\Nyamat\.m2\repository\com\google\guava\guava\20.0\guava-20.0.jar;C:\Users\Nyamat\.m2\repository\com\fasterxml\classmate\1.5.1\classmate-1.5.1.jar;C:\Users\Nyamat\.m2\repository\org\slf4j\slf4j-api\1.7.36\slf4j-api-1.7.36.jar;C:\Users\Nyamat\.m2\repository\org\springframework\plugin\spring-plugin-core\1.2.0.RELEASE\spring-plugin-core-1.2.0.RELEASE.jar;C:\Users\Nyamat\.m2\repository\org\springframework\spring-beans\5.3.27\spring-beans-5.3.27.jar;C:\Users\Nyamat\.m2\repository\org\springframework\spring-aop\5.3.27\spring-aop-5.3.27.jar;C:\Users\Nyamat\.m2\
Launcher Type: SUN_STANDARD

[Global flags]
     intx CICompilerCount                          = 4                                         {product} {ergonomic}
     uint ConcGCThreads                            = 2                                         {product} {ergonomic}
     uint G1ConcRefinementThreads                  = 8                                         {product} {ergonomic}
   size_t G1HeapRegionSize                         = 1048576                                   {product} {ergonomic}
    uintx GCDrainStackTargetSize                   = 64                                        {product} {ergonomic}
   size_t InitialHeapSize                          = 134217728                                 {product} {ergonomic}
   size_t MarkStackSize                            = 4194304                                   {product} {ergonomic}
   size_t MaxHeapSize                              = 2120220672                                {product} {ergonomic}
   size_t MinHeapDeltaBytes                        = 1048576                                   {product} {ergonomic}
    uintx NonNMethodCodeHeapSize                   = 5836300                                {pd product} {ergonomic}
    uintx NonProfiledCodeHeapSize                  = 122910970                              {pd product} {ergonomic}
    uintx ProfiledCodeHeapSize                     = 122910970                              {pd product} {ergonomic}
    uintx ReservedCodeCacheSize                    = 251658240                              {pd product} {ergonomic}
     bool SegmentedCodeCache                       = true                                      {product} {ergonomic}
     bool UseCompressedClassPointers               = true                                 {lp64_product} {ergonomic}
     bool UseCompressedOops                        = true                                 {lp64_product} {ergonomic}
     bool UseG1GC                                  = true                                      {product} {ergonomic}
     bool UseLargePagesIndividualAllocation        = false                                  {pd product} {ergonomic}

Logging:
Log output configuration:
 #0: stdout all=warning uptime,level,tags
 #1: stderr all=off uptime,level,tags

Environment Variables:
JAVA_HOME=C:\Program Files\Java\jdk-11.0.17
CLASSPATH=C:\mysql-connector-j-8.0.32.jar;.;
PATH=C:\Program Files\Common Files\Oracle\Java\javapath;C:\WINDOWS\system32;C:\WINDOWS;C:\WINDOWS\System32\Wbem;C:\WINDOWS\System32\WindowsPowerShell\v1.0\;C:\WINDOWS\System32\OpenSSH\;C:\Program Files (x86)\Intel\Intel(R) Management Engine Components\DAL;C:\Program Files\Intel\Intel(R) Management Engine Components\DAL;C:\Program Files\MySQL\MySQL Server 8.0\bin;C:\Program Files\MongoDB\Server\6.0\bin;C:\Program Files\MongoDB_shell\mongosh-1.7.1-win32-x64\bin;C:\Program Files\Git\cmd;C:\Program Files\Java\jdk-11.0.17\bin;C:\Program Files\PostgreSQL\15\bin;C:\Users\Nyamat\OneDrive\Desktop\Software\apache-maven-3.9.1\bin;C:\Program Files\MongoDB\Server\7.0\bin;C:\Users\Nyamat\AppData\Local\Microsoft\WindowsApps;C:\Users\Nyamat\AppData\Local\Programs\Microsoft VS Code\bin;C:\Program Files\MongoDB\Server\5.0\bin;
USERNAME=Rajvir
OS=Windows_NT
PROCESSOR_IDENTIFIER=Intel64 Family 6 Model 142 Stepping 10, GenuineIntel



---------------  S Y S T E M  ---------------

OS: Windows 11 , 64 bit Build 22621 (10.0.22621.1485)

CPU:total 8 (initial active 8) (4 cores per cpu, 2 threads per core) family 6 model 142 stepping 10 microcode 0xf0, cmov, cx8, fxsr, mmx, sse, sse2, sse3, ssse3, sse4.1, sse4.2, popcnt, avx, avx2, aes, clmul, erms, 3dnowpref, lzcnt, ht, tsc, tscinvbit, bmi1, bmi2, adx, fma

Memory: 4k page, system-wide physical 8083M (273M free)
TotalPageFile size 20875M (AvailPageFile size 56M)
current process WorkingSet (physical memory assigned to process): 10M, peak: 10M
current process commit charge ("private bytes"): 60M, peak: 188M

vm_info: Java HotSpot(TM) 64-Bit Server VM (11.0.17+10-LTS-269) for windows-amd64 JRE (11.0.17+10-LTS-269), built on Sep 13 2022 19:26:37 by "mach5one" with MS VC++ 15.9 (VS2017)

END.
